
*** Running vivado
    with args -log arith_logic.vds -m64 -product Vivado -mode batch -messageDb vivado.pb -notrace -source arith_logic.tcl


****** Vivado v2022.2 (64-bit)
  **** SW Build 3671981 on Fri Oct 14 04:59:54 MDT 2022
  **** IP Build 3669848 on Fri Oct 14 08:30:02 MDT 2022
    ** Copyright 1986-2022 Xilinx, Inc. All Rights Reserved.

source arith_logic.tcl -notrace
Command: synth_design -top arith_logic -part xcu200-fsgd2104-2-e
Starting synth_design
Attempting to get a license for feature 'Synthesis' and/or device 'xcu200'
INFO: [Common 17-349] Got license for feature 'Synthesis' and/or device 'xcu200'
INFO: [Synth 8-7079] Multithreading enabled for synth_design using a maximum of 4 processes.
INFO: [Synth 8-7078] Launching helper process for spawning children vivado processes
INFO: [Synth 8-7075] Helper process launched with PID 433243
INFO: [Synth 8-11241] undeclared symbol 'REGCCE', assumed default net type 'wire' [/opt/Xilinx/Vivado/2022.2/data/verilog/src/unimacro/BRAM_SINGLE_MACRO.v:2170]
---------------------------------------------------------------------------------
Starting Synthesize : Time (s): cpu = 00:00:03 ; elapsed = 00:00:03 . Memory (MB): peak = 2131.445 ; gain = 383.707 ; free physical = 13108 ; free virtual = 50432
Synthesis current peak Physical Memory [PSS] (MB): peak = 1550.894; parent = 1341.549; children = 209.345
Synthesis current peak Virtual Memory [VSS] (MB): peak = 3139.652; parent = 2131.449; children = 1008.203
---------------------------------------------------------------------------------
INFO: [Synth 8-6157] synthesizing module 'arith_logic' [/home/tesla/workspace/05.Soc/10.studies/08.sv/lab2_structures/src/arith_logic.sv:38]
INFO: [Synth 8-6155] done synthesizing module 'arith_logic' (0#1) [/home/tesla/workspace/05.Soc/10.studies/08.sv/lab2_structures/src/arith_logic.sv:38]
---------------------------------------------------------------------------------
Finished Synthesize : Time (s): cpu = 00:00:04 ; elapsed = 00:00:04 . Memory (MB): peak = 2197.414 ; gain = 449.676 ; free physical = 13190 ; free virtual = 50516
Synthesis current peak Physical Memory [PSS] (MB): peak = 1550.894; parent = 1341.549; children = 209.345
Synthesis current peak Virtual Memory [VSS] (MB): peak = 3205.621; parent = 2197.418; children = 1008.203
---------------------------------------------------------------------------------
---------------------------------------------------------------------------------
Finished Constraint Validation : Time (s): cpu = 00:00:04 ; elapsed = 00:00:05 . Memory (MB): peak = 2212.258 ; gain = 464.520 ; free physical = 13183 ; free virtual = 50509
Synthesis current peak Physical Memory [PSS] (MB): peak = 1550.894; parent = 1341.549; children = 209.345
Synthesis current peak Virtual Memory [VSS] (MB): peak = 3220.465; parent = 2212.262; children = 1008.203
---------------------------------------------------------------------------------
---------------------------------------------------------------------------------
Start Loading Part and Timing Information
---------------------------------------------------------------------------------
Loading part: xcu200-fsgd2104-2-e
INFO: [Synth 8-6742] Reading net delay rules and data
INFO: [Device 21-403] Loading part xcu200-fsgd2104-2-e
---------------------------------------------------------------------------------
Finished Loading Part and Timing Information : Time (s): cpu = 00:00:04 ; elapsed = 00:00:05 . Memory (MB): peak = 2229.168 ; gain = 481.430 ; free physical = 13183 ; free virtual = 50509
Synthesis current peak Physical Memory [PSS] (MB): peak = 1550.894; parent = 1341.549; children = 209.345
Synthesis current peak Virtual Memory [VSS] (MB): peak = 3237.375; parent = 2229.172; children = 1008.203
---------------------------------------------------------------------------------
---------------------------------------------------------------------------------
Finished RTL Optimization Phase 2 : Time (s): cpu = 00:00:04 ; elapsed = 00:00:05 . Memory (MB): peak = 2229.168 ; gain = 481.430 ; free physical = 13158 ; free virtual = 50493
Synthesis current peak Physical Memory [PSS] (MB): peak = 1550.894; parent = 1341.549; children = 209.345
Synthesis current peak Virtual Memory [VSS] (MB): peak = 3237.375; parent = 2229.172; children = 1008.203
---------------------------------------------------------------------------------
No constraint files found.
---------------------------------------------------------------------------------
Start RTL Component Statistics 
---------------------------------------------------------------------------------
Detailed RTL Component Info : 
+---Adders : 
	   3 Input   16 Bit       Adders := 1     
	   2 Input    9 Bit       Adders := 1     
+---XORs : 
	   2 Input     16 Bit         XORs := 1     
+---Muxes : 
	   4 Input   16 Bit        Muxes := 2     
	   2 Input   16 Bit        Muxes := 1     
---------------------------------------------------------------------------------
Finished RTL Component Statistics 
---------------------------------------------------------------------------------
---------------------------------------------------------------------------------
Start Part Resource Summary
---------------------------------------------------------------------------------
Part Resources:
DSPs: 6840 (col length:120)
BRAMs: 4320 (col length: RAMB18 360 RAMB36 180)
---------------------------------------------------------------------------------
Finished Part Resource Summary
---------------------------------------------------------------------------------
No constraint files found.
---------------------------------------------------------------------------------
Start Cross Boundary and Area Optimization
---------------------------------------------------------------------------------
WARNING: [Synth 8-7080] Parallel synthesis criteria is not met
---------------------------------------------------------------------------------
Finished Cross Boundary and Area Optimization : Time (s): cpu = 00:00:11 ; elapsed = 00:00:12 . Memory (MB): peak = 3082.137 ; gain = 1334.398 ; free physical = 12108 ; free virtual = 49543
Synthesis current peak Physical Memory [PSS] (MB): peak = 2478.252; parent = 2269.450; children = 209.345
Synthesis current peak Virtual Memory [VSS] (MB): peak = 4090.344; parent = 3082.141; children = 1008.203
---------------------------------------------------------------------------------
No constraint files found.
---------------------------------------------------------------------------------
Start Timing Optimization
---------------------------------------------------------------------------------
---------------------------------------------------------------------------------
Finished Timing Optimization : Time (s): cpu = 00:00:11 ; elapsed = 00:00:12 . Memory (MB): peak = 3082.137 ; gain = 1334.398 ; free physical = 12105 ; free virtual = 49541
Synthesis current peak Physical Memory [PSS] (MB): peak = 2480.178; parent = 2271.383; children = 209.345
Synthesis current peak Virtual Memory [VSS] (MB): peak = 4090.344; parent = 3082.141; children = 1008.203
---------------------------------------------------------------------------------
---------------------------------------------------------------------------------
Start Technology Mapping
---------------------------------------------------------------------------------
---------------------------------------------------------------------------------
Finished Technology Mapping : Time (s): cpu = 00:00:11 ; elapsed = 00:00:13 . Memory (MB): peak = 3082.137 ; gain = 1334.398 ; free physical = 12100 ; free virtual = 49535
Synthesis current peak Physical Memory [PSS] (MB): peak = 2481.895; parent = 2273.100; children = 209.345
Synthesis current peak Virtual Memory [VSS] (MB): peak = 4090.344; parent = 3082.141; children = 1008.203
---------------------------------------------------------------------------------
---------------------------------------------------------------------------------
Start IO Insertion
---------------------------------------------------------------------------------
---------------------------------------------------------------------------------
Start Flattening Before IO Insertion
---------------------------------------------------------------------------------
---------------------------------------------------------------------------------
Finished Flattening Before IO Insertion
---------------------------------------------------------------------------------
---------------------------------------------------------------------------------
Start Final Netlist Cleanup
---------------------------------------------------------------------------------
---------------------------------------------------------------------------------
Finished Final Netlist Cleanup
---------------------------------------------------------------------------------
---------------------------------------------------------------------------------
Finished IO Insertion : Time (s): cpu = 00:00:14 ; elapsed = 00:00:16 . Memory (MB): peak = 3082.137 ; gain = 1334.398 ; free physical = 12099 ; free virtual = 49535
Synthesis current peak Physical Memory [PSS] (MB): peak = 2482.066; parent = 2273.271; children = 209.345
Synthesis current peak Virtual Memory [VSS] (MB): peak = 4090.344; parent = 3082.141; children = 1008.203
---------------------------------------------------------------------------------
---------------------------------------------------------------------------------
Start Renaming Generated Instances
---------------------------------------------------------------------------------
---------------------------------------------------------------------------------
Finished Renaming Generated Instances : Time (s): cpu = 00:00:14 ; elapsed = 00:00:16 . Memory (MB): peak = 3082.137 ; gain = 1334.398 ; free physical = 12099 ; free virtual = 49535
Synthesis current peak Physical Memory [PSS] (MB): peak = 2482.145; parent = 2273.350; children = 209.345
Synthesis current peak Virtual Memory [VSS] (MB): peak = 4090.344; parent = 3082.141; children = 1008.203
---------------------------------------------------------------------------------
---------------------------------------------------------------------------------
Start Rebuilding User Hierarchy
---------------------------------------------------------------------------------
---------------------------------------------------------------------------------
Finished Rebuilding User Hierarchy : Time (s): cpu = 00:00:14 ; elapsed = 00:00:16 . Memory (MB): peak = 3082.137 ; gain = 1334.398 ; free physical = 12099 ; free virtual = 49535
Synthesis current peak Physical Memory [PSS] (MB): peak = 2482.176; parent = 2273.383; children = 209.345
Synthesis current peak Virtual Memory [VSS] (MB): peak = 4090.344; parent = 3082.141; children = 1008.203
---------------------------------------------------------------------------------
---------------------------------------------------------------------------------
Start Renaming Generated Ports
---------------------------------------------------------------------------------
---------------------------------------------------------------------------------
Finished Renaming Generated Ports : Time (s): cpu = 00:00:14 ; elapsed = 00:00:16 . Memory (MB): peak = 3082.137 ; gain = 1334.398 ; free physical = 12099 ; free virtual = 49535
Synthesis current peak Physical Memory [PSS] (MB): peak = 2482.191; parent = 2273.398; children = 209.345
Synthesis current peak Virtual Memory [VSS] (MB): peak = 4090.344; parent = 3082.141; children = 1008.203
---------------------------------------------------------------------------------
---------------------------------------------------------------------------------
Start Handling Custom Attributes
---------------------------------------------------------------------------------
---------------------------------------------------------------------------------
Finished Handling Custom Attributes : Time (s): cpu = 00:00:14 ; elapsed = 00:00:16 . Memory (MB): peak = 3082.137 ; gain = 1334.398 ; free physical = 12099 ; free virtual = 49535
Synthesis current peak Physical Memory [PSS] (MB): peak = 2482.191; parent = 2273.398; children = 209.345
Synthesis current peak Virtual Memory [VSS] (MB): peak = 4090.344; parent = 3082.141; children = 1008.203
---------------------------------------------------------------------------------
---------------------------------------------------------------------------------
Start Renaming Generated Nets
---------------------------------------------------------------------------------
---------------------------------------------------------------------------------
Finished Renaming Generated Nets : Time (s): cpu = 00:00:14 ; elapsed = 00:00:16 . Memory (MB): peak = 3082.137 ; gain = 1334.398 ; free physical = 12098 ; free virtual = 49535
Synthesis current peak Physical Memory [PSS] (MB): peak = 2482.207; parent = 2273.414; children = 209.345
Synthesis current peak Virtual Memory [VSS] (MB): peak = 4090.344; parent = 3082.141; children = 1008.203
---------------------------------------------------------------------------------
---------------------------------------------------------------------------------
Start Writing Synthesis Report
---------------------------------------------------------------------------------

Report BlackBoxes: 
+-+--------------+----------+
| |BlackBox name |Instances |
+-+--------------+----------+
+-+--------------+----------+

Report Cell Usage: 
+------+-------+------+
|      |Cell   |Count |
+------+-------+------+
|1     |CARRY8 |    20|
|2     |LUT2   |    38|
|3     |LUT3   |    57|
|4     |LUT4   |    30|
|5     |LUT5   |    31|
|6     |LUT6   |    54|
|7     |IBUF   |    19|
|8     |OBUF   |    16|
+------+-------+------+

Report Instance Areas: 
+------+---------+-------+------+
|      |Instance |Module |Cells |
+------+---------+-------+------+
|1     |top      |       |   265|
+------+---------+-------+------+
---------------------------------------------------------------------------------
Finished Writing Synthesis Report : Time (s): cpu = 00:00:14 ; elapsed = 00:00:16 . Memory (MB): peak = 3082.137 ; gain = 1334.398 ; free physical = 12098 ; free virtual = 49534
Synthesis current peak Physical Memory [PSS] (MB): peak = 2482.254; parent = 2273.461; children = 209.345
Synthesis current peak Virtual Memory [VSS] (MB): peak = 4090.344; parent = 3082.141; children = 1008.203
---------------------------------------------------------------------------------
Synthesis finished with 0 errors, 0 critical warnings and 1 warnings.
Synthesis Optimization Runtime : Time (s): cpu = 00:00:14 ; elapsed = 00:00:16 . Memory (MB): peak = 3082.137 ; gain = 1334.398 ; free physical = 12106 ; free virtual = 49543
Synthesis Optimization Complete : Time (s): cpu = 00:00:14 ; elapsed = 00:00:16 . Memory (MB): peak = 3082.145 ; gain = 1334.398 ; free physical = 12106 ; free virtual = 49543
INFO: [Project 1-571] Translating synthesized netlist
Netlist sorting complete. Time (s): cpu = 00:00:00 ; elapsed = 00:00:00.01 . Memory (MB): peak = 3093.043 ; gain = 0.000 ; free physical = 12190 ; free virtual = 49632
INFO: [Netlist 29-17] Analyzing 39 Unisim elements for replacement
INFO: [Netlist 29-28] Unisim Transformation completed in 0 CPU seconds
INFO: [Project 1-570] Preparing netlist for logic optimization
INFO: [Opt 31-138] Pushed 0 inverter(s) to 0 load pin(s).
Netlist sorting complete. Time (s): cpu = 00:00:00 ; elapsed = 00:00:00 . Memory (MB): peak = 3237.629 ; gain = 0.000 ; free physical = 12070 ; free virtual = 49532
INFO: [Project 1-111] Unisim Transformation Summary:
  A total of 19 instances were transformed.
  IBUF => IBUF (IBUFCTRL, INBUF): 19 instances

Synth Design complete, checksum: 89fe57d0
INFO: [Common 17-83] Releasing license: Synthesis
16 Infos, 1 Warnings, 0 Critical Warnings and 0 Errors encountered.
synth_design completed successfully
synth_design: Time (s): cpu = 00:00:18 ; elapsed = 00:00:18 . Memory (MB): peak = 3237.629 ; gain = 1513.703 ; free physical = 12283 ; free virtual = 49744
INFO: [Common 17-1381] The checkpoint '/home/tesla/workspace/05.Soc/10.studies/08.sv/lab2_structures/arith_logic.runs/synth_1/arith_logic.dcp' has been generated.
INFO: [runtcl-4] Executing : report_utilization -file arith_logic_utilization_synth.rpt -pb arith_logic_utilization_synth.pb
INFO: [Common 17-206] Exiting Vivado at Wed Sep  6 11:45:38 2023...
